2024-09-20 21:16:11,250:WARNING:
'cuml' is a soft dependency and not included in the pycaret installation. Please run: `pip install cuml` to install.
2024-09-20 21:16:11,251:WARNING:
'cuml' is a soft dependency and not included in the pycaret installation. Please run: `pip install cuml` to install.
2024-09-20 21:16:11,251:WARNING:
'cuml' is a soft dependency and not included in the pycaret installation. Please run: `pip install cuml` to install.
2024-09-20 21:16:11,251:WARNING:
'cuml' is a soft dependency and not included in the pycaret installation. Please run: `pip install cuml` to install.
2024-09-20 21:16:36,584:WARNING:
'cuml' is a soft dependency and not included in the pycaret installation. Please run: `pip install cuml` to install.
2024-09-20 21:16:36,590:WARNING:
'cuml' is a soft dependency and not included in the pycaret installation. Please run: `pip install cuml` to install.
2024-09-20 21:16:36,590:WARNING:
'cuml' is a soft dependency and not included in the pycaret installation. Please run: `pip install cuml` to install.
2024-09-20 21:16:36,590:WARNING:
'cuml' is a soft dependency and not included in the pycaret installation. Please run: `pip install cuml` to install.
2024-09-20 21:17:04,421:WARNING:
'cuml' is a soft dependency and not included in the pycaret installation. Please run: `pip install cuml` to install.
2024-09-20 21:17:04,422:WARNING:
'cuml' is a soft dependency and not included in the pycaret installation. Please run: `pip install cuml` to install.
2024-09-20 21:17:04,422:WARNING:
'cuml' is a soft dependency and not included in the pycaret installation. Please run: `pip install cuml` to install.
2024-09-20 21:17:04,422:WARNING:
'cuml' is a soft dependency and not included in the pycaret installation. Please run: `pip install cuml` to install.
2024-09-20 22:04:02,445:WARNING:
'cuml' is a soft dependency and not included in the pycaret installation. Please run: `pip install cuml` to install.
2024-09-20 22:04:02,446:WARNING:
'cuml' is a soft dependency and not included in the pycaret installation. Please run: `pip install cuml` to install.
2024-09-20 22:04:02,446:WARNING:
'cuml' is a soft dependency and not included in the pycaret installation. Please run: `pip install cuml` to install.
2024-09-20 22:04:02,446:WARNING:
'cuml' is a soft dependency and not included in the pycaret installation. Please run: `pip install cuml` to install.
2024-09-20 22:08:35,289:WARNING:
'cuml' is a soft dependency and not included in the pycaret installation. Please run: `pip install cuml` to install.
2024-09-20 22:08:35,289:WARNING:
'cuml' is a soft dependency and not included in the pycaret installation. Please run: `pip install cuml` to install.
2024-09-20 22:08:35,289:WARNING:
'cuml' is a soft dependency and not included in the pycaret installation. Please run: `pip install cuml` to install.
2024-09-20 22:08:35,289:WARNING:
'cuml' is a soft dependency and not included in the pycaret installation. Please run: `pip install cuml` to install.
2024-09-20 22:13:15,380:WARNING:
'cuml' is a soft dependency and not included in the pycaret installation. Please run: `pip install cuml` to install.
2024-09-20 22:13:15,381:WARNING:
'cuml' is a soft dependency and not included in the pycaret installation. Please run: `pip install cuml` to install.
2024-09-20 22:13:15,381:WARNING:
'cuml' is a soft dependency and not included in the pycaret installation. Please run: `pip install cuml` to install.
2024-09-20 22:13:15,381:WARNING:
'cuml' is a soft dependency and not included in the pycaret installation. Please run: `pip install cuml` to install.
2024-09-20 22:15:09,823:WARNING:
'cuml' is a soft dependency and not included in the pycaret installation. Please run: `pip install cuml` to install.
2024-09-20 22:15:09,824:WARNING:
'cuml' is a soft dependency and not included in the pycaret installation. Please run: `pip install cuml` to install.
2024-09-20 22:15:09,824:WARNING:
'cuml' is a soft dependency and not included in the pycaret installation. Please run: `pip install cuml` to install.
2024-09-20 22:15:09,824:WARNING:
'cuml' is a soft dependency and not included in the pycaret installation. Please run: `pip install cuml` to install.
2024-09-20 22:15:16,226:INFO:Initializing predict_model()
2024-09-20 22:15:16,227:INFO:predict_model(self=<pycaret.regression.oop.RegressionExperiment object at 0x00000227A5227130>, estimator=Pipeline(memory=Memory(location=None),
         steps=[('numerical_imputer',
                 TransformerWrapper(include=['Avg. Session Length',
                                             'Time on App', 'Time on Website',
                                             'Length of Membership'],
                                    transformer=SimpleImputer())),
                ('categorical_imputer',
                 TransformerWrapper(include=['Address', 'dominio', 'Tec'],
                                    transformer=SimpleImputer(strategy='most_frequent'))),
                ('onehot_encoding',
                 TransformerWrapper(include=['Address', 'dominio', 'Tec'],
                                    transformer=OneHotEncoder(cols=['Address',
                                                                    'dominio',
                                                                    'Tec'],
                                                              handle_missing='return_nan',
                                                              use_cat_names=True))),
                ('clean_column_names',
                 TransformerWrapper(transformer=CleanColumnNames())),
                ('actual_estimator', Ridge(random_state=123))]), probability_threshold=None, encoded_labels=False, raw_score=False, round=4, verbose=True, ml_usecase=None, preprocess=True, encode_labels=<function _SupervisedExperiment.predict_model.<locals>.encode_labels at 0x00000227A51FEA70>)
2024-09-20 22:15:16,227:INFO:Checking exceptions
2024-09-20 22:15:16,227:INFO:Preloading libraries
2024-09-20 22:15:16,227:INFO:Set up data.
2024-09-20 22:15:16,232:INFO:Set up index.
2024-09-20 22:15:40,619:INFO:Initializing predict_model()
2024-09-20 22:15:40,619:INFO:predict_model(self=<pycaret.regression.oop.RegressionExperiment object at 0x00000227A527DA20>, estimator=Pipeline(memory=Memory(location=None),
         steps=[('numerical_imputer',
                 TransformerWrapper(include=['Avg. Session Length',
                                             'Time on App', 'Time on Website',
                                             'Length of Membership'],
                                    transformer=SimpleImputer())),
                ('categorical_imputer',
                 TransformerWrapper(include=['Address', 'dominio', 'Tec'],
                                    transformer=SimpleImputer(strategy='most_frequent'))),
                ('onehot_encoding',
                 TransformerWrapper(include=['Address', 'dominio', 'Tec'],
                                    transformer=OneHotEncoder(cols=['Address',
                                                                    'dominio',
                                                                    'Tec'],
                                                              handle_missing='return_nan',
                                                              use_cat_names=True))),
                ('clean_column_names',
                 TransformerWrapper(transformer=CleanColumnNames())),
                ('actual_estimator', Ridge(random_state=123))]), probability_threshold=None, encoded_labels=False, raw_score=False, round=4, verbose=True, ml_usecase=None, preprocess=True, encode_labels=<function _SupervisedExperiment.predict_model.<locals>.encode_labels at 0x00000227A525E0E0>)
2024-09-20 22:15:40,619:INFO:Checking exceptions
2024-09-20 22:15:40,619:INFO:Preloading libraries
2024-09-20 22:15:40,619:INFO:Set up data.
2024-09-20 22:15:40,623:INFO:Set up index.
2024-09-20 22:31:32,013:WARNING:
'cuml' is a soft dependency and not included in the pycaret installation. Please run: `pip install cuml` to install.
2024-09-20 22:31:32,014:WARNING:
'cuml' is a soft dependency and not included in the pycaret installation. Please run: `pip install cuml` to install.
2024-09-20 22:31:32,014:WARNING:
'cuml' is a soft dependency and not included in the pycaret installation. Please run: `pip install cuml` to install.
2024-09-20 22:31:32,014:WARNING:
'cuml' is a soft dependency and not included in the pycaret installation. Please run: `pip install cuml` to install.
2024-09-20 22:32:12,207:INFO:Initializing predict_model()
2024-09-20 22:32:12,207:INFO:predict_model(self=<pycaret.regression.oop.RegressionExperiment object at 0x0000014CF06FA020>, estimator=Pipeline(memory=Memory(location=None),
         steps=[('numerical_imputer',
                 TransformerWrapper(include=['Avg. Session Length',
                                             'Time on App', 'Time on Website',
                                             'Length of Membership'],
                                    transformer=SimpleImputer())),
                ('categorical_imputer',
                 TransformerWrapper(include=['Address', 'dominio', 'Tec'],
                                    transformer=SimpleImputer(strategy='most_frequent'))),
                ('onehot_encoding',
                 TransformerWrapper(include=['Address', 'dominio', 'Tec'],
                                    transformer=OneHotEncoder(cols=['Address',
                                                                    'dominio',
                                                                    'Tec'],
                                                              handle_missing='return_nan',
                                                              use_cat_names=True))),
                ('clean_column_names',
                 TransformerWrapper(transformer=CleanColumnNames())),
                ('actual_estimator', Ridge(random_state=123))]), probability_threshold=None, encoded_labels=False, raw_score=False, round=4, verbose=True, ml_usecase=None, preprocess=True, encode_labels=<function _SupervisedExperiment.predict_model.<locals>.encode_labels at 0x0000014CF0738940>)
2024-09-20 22:32:12,207:INFO:Checking exceptions
2024-09-20 22:32:12,207:INFO:Preloading libraries
2024-09-20 22:32:12,207:INFO:Set up data.
2024-09-20 22:32:12,212:INFO:Set up index.
2024-09-20 22:32:43,184:INFO:Initializing predict_model()
2024-09-20 22:32:43,185:INFO:predict_model(self=<pycaret.regression.oop.RegressionExperiment object at 0x0000014CF07847C0>, estimator=Pipeline(memory=Memory(location=None),
         steps=[('numerical_imputer',
                 TransformerWrapper(include=['Avg. Session Length',
                                             'Time on App', 'Time on Website',
                                             'Length of Membership'],
                                    transformer=SimpleImputer())),
                ('categorical_imputer',
                 TransformerWrapper(include=['Address', 'dominio', 'Tec'],
                                    transformer=SimpleImputer(strategy='most_frequent'))),
                ('onehot_encoding',
                 TransformerWrapper(include=['Address', 'dominio', 'Tec'],
                                    transformer=OneHotEncoder(cols=['Address',
                                                                    'dominio',
                                                                    'Tec'],
                                                              handle_missing='return_nan',
                                                              use_cat_names=True))),
                ('clean_column_names',
                 TransformerWrapper(transformer=CleanColumnNames())),
                ('actual_estimator', Ridge(random_state=123))]), probability_threshold=None, encoded_labels=False, raw_score=False, round=4, verbose=True, ml_usecase=None, preprocess=True, encode_labels=<function _SupervisedExperiment.predict_model.<locals>.encode_labels at 0x0000014CF073A8C0>)
2024-09-20 22:32:43,185:INFO:Checking exceptions
2024-09-20 22:32:43,185:INFO:Preloading libraries
2024-09-20 22:32:43,185:INFO:Set up data.
2024-09-20 22:32:43,189:INFO:Set up index.
2024-09-20 22:33:58,220:WARNING:
'cuml' is a soft dependency and not included in the pycaret installation. Please run: `pip install cuml` to install.
2024-09-20 22:33:58,220:WARNING:
'cuml' is a soft dependency and not included in the pycaret installation. Please run: `pip install cuml` to install.
2024-09-20 22:33:58,220:WARNING:
'cuml' is a soft dependency and not included in the pycaret installation. Please run: `pip install cuml` to install.
2024-09-20 22:33:58,220:WARNING:
'cuml' is a soft dependency and not included in the pycaret installation. Please run: `pip install cuml` to install.
2024-09-20 22:34:10,951:INFO:Initializing predict_model()
2024-09-20 22:34:10,951:INFO:predict_model(self=<pycaret.regression.oop.RegressionExperiment object at 0x0000017A6172A020>, estimator=Pipeline(memory=Memory(location=None),
         steps=[('numerical_imputer',
                 TransformerWrapper(include=['Avg. Session Length',
                                             'Time on App', 'Time on Website',
                                             'Length of Membership'],
                                    transformer=SimpleImputer())),
                ('categorical_imputer',
                 TransformerWrapper(include=['Address', 'dominio', 'Tec'],
                                    transformer=SimpleImputer(strategy='most_frequent'))),
                ('onehot_encoding',
                 TransformerWrapper(include=['Address', 'dominio', 'Tec'],
                                    transformer=OneHotEncoder(cols=['Address',
                                                                    'dominio',
                                                                    'Tec'],
                                                              handle_missing='return_nan',
                                                              use_cat_names=True))),
                ('clean_column_names',
                 TransformerWrapper(transformer=CleanColumnNames())),
                ('actual_estimator', Ridge(random_state=123))]), probability_threshold=None, encoded_labels=False, raw_score=False, round=4, verbose=True, ml_usecase=None, preprocess=True, encode_labels=<function _SupervisedExperiment.predict_model.<locals>.encode_labels at 0x0000017A61768940>)
2024-09-20 22:34:10,951:INFO:Checking exceptions
2024-09-20 22:34:10,951:INFO:Preloading libraries
2024-09-20 22:34:10,952:INFO:Set up data.
2024-09-20 22:34:10,957:INFO:Set up index.
2024-09-20 22:34:21,034:INFO:Initializing predict_model()
2024-09-20 22:34:21,034:INFO:predict_model(self=<pycaret.regression.oop.RegressionExperiment object at 0x0000017A6172ADA0>, estimator=Pipeline(memory=Memory(location=None),
         steps=[('numerical_imputer',
                 TransformerWrapper(include=['Avg. Session Length',
                                             'Time on App', 'Time on Website',
                                             'Length of Membership'],
                                    transformer=SimpleImputer())),
                ('categorical_imputer',
                 TransformerWrapper(include=['Address', 'dominio', 'Tec'],
                                    transformer=SimpleImputer(strategy='most_frequent'))),
                ('onehot_encoding',
                 TransformerWrapper(include=['Address', 'dominio', 'Tec'],
                                    transformer=OneHotEncoder(cols=['Address',
                                                                    'dominio',
                                                                    'Tec'],
                                                              handle_missing='return_nan',
                                                              use_cat_names=True))),
                ('clean_column_names',
                 TransformerWrapper(transformer=CleanColumnNames())),
                ('actual_estimator', Ridge(random_state=123))]), probability_threshold=None, encoded_labels=False, raw_score=False, round=4, verbose=True, ml_usecase=None, preprocess=True, encode_labels=<function _SupervisedExperiment.predict_model.<locals>.encode_labels at 0x0000017A617688B0>)
2024-09-20 22:34:21,034:INFO:Checking exceptions
2024-09-20 22:34:21,035:INFO:Preloading libraries
2024-09-20 22:34:21,035:INFO:Set up data.
2024-09-20 22:34:21,041:INFO:Set up index.
2024-09-20 22:35:15,685:WARNING:
'cuml' is a soft dependency and not included in the pycaret installation. Please run: `pip install cuml` to install.
2024-09-20 22:35:15,686:WARNING:
'cuml' is a soft dependency and not included in the pycaret installation. Please run: `pip install cuml` to install.
2024-09-20 22:35:15,686:WARNING:
'cuml' is a soft dependency and not included in the pycaret installation. Please run: `pip install cuml` to install.
2024-09-20 22:35:15,686:WARNING:
'cuml' is a soft dependency and not included in the pycaret installation. Please run: `pip install cuml` to install.
2024-09-20 22:35:27,042:INFO:Initializing predict_model()
2024-09-20 22:35:27,042:INFO:predict_model(self=<pycaret.regression.oop.RegressionExperiment object at 0x000001E4683FA020>, estimator=Pipeline(memory=Memory(location=None),
         steps=[('numerical_imputer',
                 TransformerWrapper(include=['Avg. Session Length',
                                             'Time on App', 'Time on Website',
                                             'Length of Membership'],
                                    transformer=SimpleImputer())),
                ('categorical_imputer',
                 TransformerWrapper(include=['Address', 'dominio', 'Tec'],
                                    transformer=SimpleImputer(strategy='most_frequent'))),
                ('onehot_encoding',
                 TransformerWrapper(include=['Address', 'dominio', 'Tec'],
                                    transformer=OneHotEncoder(cols=['Address',
                                                                    'dominio',
                                                                    'Tec'],
                                                              handle_missing='return_nan',
                                                              use_cat_names=True))),
                ('clean_column_names',
                 TransformerWrapper(transformer=CleanColumnNames())),
                ('actual_estimator', Ridge(random_state=123))]), probability_threshold=None, encoded_labels=False, raw_score=False, round=4, verbose=True, ml_usecase=None, preprocess=True, encode_labels=<function _SupervisedExperiment.predict_model.<locals>.encode_labels at 0x000001E468438940>)
2024-09-20 22:35:27,042:INFO:Checking exceptions
2024-09-20 22:35:27,042:INFO:Preloading libraries
2024-09-20 22:35:27,043:INFO:Set up data.
2024-09-20 22:35:27,050:INFO:Set up index.
2024-09-20 22:35:41,250:INFO:Initializing predict_model()
2024-09-20 22:35:41,250:INFO:predict_model(self=<pycaret.regression.oop.RegressionExperiment object at 0x000001E4683FADA0>, estimator=Pipeline(memory=Memory(location=None),
         steps=[('numerical_imputer',
                 TransformerWrapper(include=['Avg. Session Length',
                                             'Time on App', 'Time on Website',
                                             'Length of Membership'],
                                    transformer=SimpleImputer())),
                ('categorical_imputer',
                 TransformerWrapper(include=['Address', 'dominio', 'Tec'],
                                    transformer=SimpleImputer(strategy='most_frequent'))),
                ('onehot_encoding',
                 TransformerWrapper(include=['Address', 'dominio', 'Tec'],
                                    transformer=OneHotEncoder(cols=['Address',
                                                                    'dominio',
                                                                    'Tec'],
                                                              handle_missing='return_nan',
                                                              use_cat_names=True))),
                ('clean_column_names',
                 TransformerWrapper(transformer=CleanColumnNames())),
                ('actual_estimator', Ridge(random_state=123))]), probability_threshold=None, encoded_labels=False, raw_score=False, round=4, verbose=True, ml_usecase=None, preprocess=True, encode_labels=<function _SupervisedExperiment.predict_model.<locals>.encode_labels at 0x000001E4684388B0>)
2024-09-20 22:35:41,250:INFO:Checking exceptions
2024-09-20 22:35:41,250:INFO:Preloading libraries
2024-09-20 22:35:41,251:INFO:Set up data.
2024-09-20 22:35:41,255:INFO:Set up index.
2024-09-20 22:35:58,443:INFO:Initializing predict_model()
2024-09-20 22:35:58,444:INFO:predict_model(self=<pycaret.regression.oop.RegressionExperiment object at 0x000001E4683FA080>, estimator=Pipeline(memory=Memory(location=None),
         steps=[('numerical_imputer',
                 TransformerWrapper(include=['Avg. Session Length',
                                             'Time on App', 'Time on Website',
                                             'Length of Membership'],
                                    transformer=SimpleImputer())),
                ('categorical_imputer',
                 TransformerWrapper(include=['Address', 'dominio', 'Tec'],
                                    transformer=SimpleImputer(strategy='most_frequent'))),
                ('onehot_encoding',
                 TransformerWrapper(include=['Address', 'dominio', 'Tec'],
                                    transformer=OneHotEncoder(cols=['Address',
                                                                    'dominio',
                                                                    'Tec'],
                                                              handle_missing='return_nan',
                                                              use_cat_names=True))),
                ('clean_column_names',
                 TransformerWrapper(transformer=CleanColumnNames())),
                ('actual_estimator', Ridge(random_state=123))]), probability_threshold=None, encoded_labels=False, raw_score=False, round=4, verbose=True, ml_usecase=None, preprocess=True, encode_labels=<function _SupervisedExperiment.predict_model.<locals>.encode_labels at 0x000001E4684389D0>)
2024-09-20 22:35:58,444:INFO:Checking exceptions
2024-09-20 22:35:58,444:INFO:Preloading libraries
2024-09-20 22:35:58,444:INFO:Set up data.
2024-09-20 22:35:58,449:INFO:Set up index.
2024-09-20 22:37:09,824:INFO:Initializing predict_model()
2024-09-20 22:37:09,824:INFO:predict_model(self=<pycaret.regression.oop.RegressionExperiment object at 0x000001E4683FB280>, estimator=Pipeline(memory=Memory(location=None),
         steps=[('numerical_imputer',
                 TransformerWrapper(include=['Avg. Session Length',
                                             'Time on App', 'Time on Website',
                                             'Length of Membership'],
                                    transformer=SimpleImputer())),
                ('categorical_imputer',
                 TransformerWrapper(include=['Address', 'dominio', 'Tec'],
                                    transformer=SimpleImputer(strategy='most_frequent'))),
                ('onehot_encoding',
                 TransformerWrapper(include=['Address', 'dominio', 'Tec'],
                                    transformer=OneHotEncoder(cols=['Address',
                                                                    'dominio',
                                                                    'Tec'],
                                                              handle_missing='return_nan',
                                                              use_cat_names=True))),
                ('clean_column_names',
                 TransformerWrapper(transformer=CleanColumnNames())),
                ('actual_estimator', Ridge(random_state=123))]), probability_threshold=None, encoded_labels=False, raw_score=False, round=4, verbose=True, ml_usecase=None, preprocess=True, encode_labels=<function _SupervisedExperiment.predict_model.<locals>.encode_labels at 0x000001E468439900>)
2024-09-20 22:37:09,824:INFO:Checking exceptions
2024-09-20 22:37:09,824:INFO:Preloading libraries
2024-09-20 22:37:09,824:INFO:Set up data.
2024-09-20 22:37:09,828:INFO:Set up index.
2024-09-21 16:14:38,182:WARNING:
'cuml' is a soft dependency and not included in the pycaret installation. Please run: `pip install cuml` to install.
2024-09-21 16:14:38,182:WARNING:
'cuml' is a soft dependency and not included in the pycaret installation. Please run: `pip install cuml` to install.
2024-09-21 16:14:38,182:WARNING:
'cuml' is a soft dependency and not included in the pycaret installation. Please run: `pip install cuml` to install.
2024-09-21 16:14:38,182:WARNING:
'cuml' is a soft dependency and not included in the pycaret installation. Please run: `pip install cuml` to install.
2024-09-21 16:15:06,212:INFO:Initializing predict_model()
2024-09-21 16:15:06,212:INFO:predict_model(self=<pycaret.regression.oop.RegressionExperiment object at 0x000001F0BA15A020>, estimator=Pipeline(memory=Memory(location=None),
         steps=[('numerical_imputer',
                 TransformerWrapper(include=['Avg. Session Length',
                                             'Time on App', 'Time on Website',
                                             'Length of Membership'],
                                    transformer=SimpleImputer())),
                ('categorical_imputer',
                 TransformerWrapper(include=['Address', 'dominio', 'Tec'],
                                    transformer=SimpleImputer(strategy='most_frequent'))),
                ('onehot_encoding',
                 TransformerWrapper(include=['Address', 'dominio', 'Tec'],
                                    transformer=OneHotEncoder(cols=['Address',
                                                                    'dominio',
                                                                    'Tec'],
                                                              handle_missing='return_nan',
                                                              use_cat_names=True))),
                ('clean_column_names',
                 TransformerWrapper(transformer=CleanColumnNames())),
                ('actual_estimator', Ridge(random_state=123))]), probability_threshold=None, encoded_labels=False, raw_score=False, round=4, verbose=True, ml_usecase=None, preprocess=True, encode_labels=<function _SupervisedExperiment.predict_model.<locals>.encode_labels at 0x000001F0BA1989D0>)
2024-09-21 16:15:06,212:INFO:Checking exceptions
2024-09-21 16:15:06,212:INFO:Preloading libraries
2024-09-21 16:15:06,212:INFO:Set up data.
2024-09-21 16:15:06,220:INFO:Set up index.
